# JRE version: OpenJDK Runtime Environment (11.0.11+9) (build 11.0.11+9-b60-7590822)
# Java VM: OpenJDK 64-Bit Server VM (11.0.11+9-b60-7590822, mixed mode, tiered, compressed oops, g1 gc, windows-amd64)
Heap:
 garbage-first heap   total 227328K, used 166263K [0x0000000080000000, 0x0000000100000000)
  region size 1024K, 41 young (41984K), 2 survivors (2048K)
 Metaspace       used 121486K, capacity 124194K, committed 125252K, reserved 1159168K
  class space    used 14906K, capacity 15920K, committed 16256K, reserved 1048576K
GC Heap History (20 events):
Event: 3061.884 GC heap before
{Heap before GC invocations=31 (full 0):
 garbage-first heap   total 227328K, used 197107K [0x0000000080000000, 0x0000000100000000)
  region size 1024K, 66 young (67584K), 8 survivors (8192K)
 Metaspace       used 111639K, capacity 114478K, committed 115652K, reserved 1148928K
  class space    used 13960K, capacity 15016K, committed 15360K, reserved 1048576K
}
Event: 3061.910 GC heap after
{Heap after GC invocations=32 (full 0):
 garbage-first heap   total 227328K, used 144936K [0x0000000080000000, 0x0000000100000000)
  region size 1024K, 9 young (9216K), 9 survivors (9216K)
 Metaspace       used 111639K, capacity 114478K, committed 115652K, reserved 1148928K
  class space    used 13960K, capacity 15016K, committed 15360K, reserved 1048576K
}
Event: 3062.014 GC heap before
{Heap before GC invocations=32 (full 0):
 garbage-first heap   total 227328K, used 146984K [0x0000000080000000, 0x0000000100000000)
  region size 1024K, 11 young (11264K), 9 survivors (9216K)
 Metaspace       used 111640K, capacity 114478K, committed 115652K, reserved 1148928K
  class space    used 13960K, capacity 15016K, committed 15360K, reserved 1048576K
}
Event: 3062.033 GC heap after
{Heap after GC invocations=33 (full 0):
 garbage-first heap   total 227328K, used 139602K [0x0000000080000000, 0x0000000100000000)
  region size 1024K, 2 young (2048K), 2 survivors (2048K)
 Metaspace       used 111640K, capacity 114478K, committed 115652K, reserved 1148928K
  class space    used 13960K, capacity 15016K, committed 15360K, reserved 1048576K
}
Event: 3062.627 GC heap before
{Heap before GC invocations=33 (full 0):
 garbage-first heap   total 227328K, used 181586K [0x0000000080000000, 0x0000000100000000)
  region size 1024K, 43 young (44032K), 2 survivors (2048K)
 Metaspace       used 111707K, capacity 114547K, committed 115652K, reserved 1148928K
  class space    used 13962K, capacity 15017K, committed 15360K, reserved 1048576K
}
Event: 3062.635 GC heap after
{Heap after GC invocations=34 (full 0):
 garbage-first heap   total 227328K, used 140365K [0x0000000080000000, 0x0000000100000000)
  region size 1024K, 3 young (3072K), 3 survivors (3072K)
 Metaspace       used 111707K, capacity 114547K, committed 115652K, reserved 1148928K
  class space    used 13962K, capacity 15017K, committed 15360K, reserved 1048576K
}
Event: 3062.926 GC heap before
{Heap before GC invocations=35 (full 0):
 garbage-first heap   total 227328K, used 184397K [0x0000000080000000, 0x0000000100000000)
  region size 1024K, 46 young (47104K), 3 survivors (3072K)
 Metaspace       used 111513K, capacity 114187K, committed 115652K, reserved 1148928K
  class space    used 13931K, capacity 14958K, committed 15360K, reserved 1048576K
}
Event: 3062.933 GC heap after
{Heap after GC invocations=36 (full 0):
 garbage-first heap   total 227328K, used 144074K [0x0000000080000000, 0x0000000100000000)
  region size 1024K, 6 young (6144K), 6 survivors (6144K)
 Metaspace       used 111513K, capacity 114187K, committed 115652K, reserved 1148928K
  class space    used 13931K, capacity 14958K, committed 15360K, reserved 1048576K
}
Event: 3063.017 GC heap before
{Heap before GC invocations=36 (full 0):
 garbage-first heap   total 227328K, used 163530K [0x0000000080000000, 0x0000000100000000)
  region size 1024K, 11 young (11264K), 6 survivors (6144K)
 Metaspace       used 111709K, capacity 114409K, committed 115652K, reserved 1148928K
  class space    used 13945K, capacity 14963K, committed 15360K, reserved 1048576K
}
Event: 3063.028 GC heap after
{Heap after GC invocations=37 (full 0):
 garbage-first heap   total 227328K, used 144800K [0x0000000080000000, 0x0000000100000000)
  region size 1024K, 2 young (2048K), 2 survivors (2048K)
 Metaspace       used 111709K, capacity 114409K, committed 115652K, reserved 1148928K
  class space    used 13945K, capacity 14963K, committed 15360K, reserved 1048576K
}
Event: 3063.471 GC heap before
{Heap before GC invocations=37 (full 0):
 garbage-first heap   total 227328K, used 185760K [0x0000000080000000, 0x0000000100000000)
  region size 1024K, 43 young (44032K), 2 survivors (2048K)
 Metaspace       used 114527K, capacity 117204K, committed 118468K, reserved 1153024K
  class space    used 14162K, capacity 15196K, committed 15616K, reserved 1048576K
}
Event: 3063.484 GC heap after
{Heap after GC invocations=38 (full 0):
 garbage-first heap   total 227328K, used 150440K [0x0000000080000000, 0x0000000100000000)
  region size 1024K, 6 young (6144K), 6 survivors (6144K)
 Metaspace       used 114527K, capacity 117204K, committed 118468K, reserved 1153024K
  class space    used 14162K, capacity 15196K, committed 15616K, reserved 1048576K
}
Event: 3064.021 GC heap before
{Heap before GC invocations=39 (full 0):
 garbage-first heap   total 227328K, used 186280K [0x0000000080000000, 0x0000000100000000)
  region size 1024K, 44 young (45056K), 6 survivors (6144K)
 Metaspace       used 116237K, capacity 118932K, committed 120132K, reserved 1153024K
  class space    used 14296K, capacity 15324K, committed 15744K, reserved 1048576K
}
Event: 3064.026 GC heap after
{Heap after GC invocations=40 (full 0):
 garbage-first heap   total 227328K, used 146366K [0x0000000080000000, 0x0000000100000000)
  region size 1024K, 1 young (1024K), 1 survivors (1024K)
 Metaspace       used 116237K, capacity 118932K, committed 120132K, reserved 1153024K
  class space    used 14296K, capacity 15324K, committed 15744K, reserved 1048576K
}
Event: 3064.091 GC heap before
{Heap before GC invocations=40 (full 0):
 garbage-first heap   total 227328K, used 156606K [0x0000000080000000, 0x0000000100000000)
  region size 1024K, 11 young (11264K), 1 survivors (1024K)
 Metaspace       used 116250K, capacity 118932K, committed 120132K, reserved 1153024K
  class space    used 14296K, capacity 15324K, committed 15744K, reserved 1048576K
}
Event: 3064.100 GC heap after
{Heap after GC invocations=41 (full 0):
 garbage-first heap   total 227328K, used 128368K [0x0000000080000000, 0x0000000100000000)
  region size 1024K, 1 young (1024K), 1 survivors (1024K)
 Metaspace       used 116250K, capacity 118932K, committed 120132K, reserved 1153024K
  class space    used 14296K, capacity 15324K, committed 15744K, reserved 1048576K
}
Event: 3064.197 GC heap before
{Heap before GC invocations=41 (full 0):
 garbage-first heap   total 227328K, used 138608K [0x0000000080000000, 0x0000000100000000)
  region size 1024K, 11 young (11264K), 1 survivors (1024K)
 Metaspace       used 116379K, capacity 119060K, committed 120388K, reserved 1155072K
  class space    used 14307K, capacity 15324K, committed 15744K, reserved 1048576K
}
Event: 3064.201 GC heap after
{Heap after GC invocations=42 (full 0):
 garbage-first heap   total 227328K, used 127766K [0x0000000080000000, 0x0000000100000000)
  region size 1024K, 1 young (1024K), 1 survivors (1024K)
 Metaspace       used 116379K, capacity 119060K, committed 120388K, reserved 1155072K
  class space    used 14307K, capacity 15324K, committed 15744K, reserved 1048576K
}
Event: 3065.620 GC heap before
{Heap before GC invocations=42 (full 0):
 garbage-first heap   total 227328K, used 175894K [0x0000000080000000, 0x0000000100000000)
  region size 1024K, 49 young (50176K), 1 survivors (1024K)
 Metaspace       used 118897K, capacity 121598K, committed 122692K, reserved 1157120K
  class space    used 14591K, capacity 15631K, committed 16000K, reserved 1048576K
}
Event: 3065.623 GC heap after
{Heap after GC invocations=43 (full 0):
 garbage-first heap   total 227328K, used 128375K [0x0000000080000000, 0x0000000100000000)
  region size 1024K, 2 young (2048K), 2 survivors (2048K)
 Metaspace       used 118897K, capacity 121598K, committed 122692K, reserved 1157120K
  class space    used 14591K, capacity 15631K, committed 16000K, reserved 1048576K
}

